app/build/intermediates/manifest_merge_blame_file/debug/manifest-merger-blame-debug-report.txt
1<?xml version="1.0" encoding="utf-8"?>
2<manifest xmlns:android="http://schemas.android.com/apk/res/android"
3    package="com.example.reecle"
4    android:versionCode="1"
5    android:versionName="1.0" >
6
7    <uses-sdk
8        android:minSdkVersion="16"
8-->src\main\AndroidManifest.xml
9        android:targetSdkVersion="29" />
9-->src\main\AndroidManifest.xml
10
11    <uses-permission android:name="android.permission.INTERNET" />
11-->src\main\AndroidManifest.xml:6:5-67
11-->src\main\AndroidManifest.xml:6:22-64
12
13    <!-- Although the *SdkVersion is captured in gradle build files, this is required for non gradle builds -->
14    <!-- <uses-sdk android:minSdkVersion="14" /> -->
15    <uses-permission android:name="android.permission.ACCESS_NETWORK_STATE" />
15-->[com.google.firebase:firebase-firestore:21.2.1] AndroidManifest.xml:13:5-79
15-->[com.google.firebase:firebase-firestore:21.2.1] AndroidManifest.xml:13:22-76
16    <uses-permission android:name="android.permission.WAKE_LOCK" /> <!-- Required by older versions of Google Play services to create IID tokens -->
16-->[com.google.android.gms:play-services-measurement-api:17.2.1] AndroidManifest.xml:24:5-68
16-->[com.google.android.gms:play-services-measurement-api:17.2.1] AndroidManifest.xml:24:22-65
17    <uses-permission android:name="com.google.android.c2dm.permission.RECEIVE" />
17-->[com.google.firebase:firebase-iid:19.0.0] AndroidManifest.xml:26:5-82
17-->[com.google.firebase:firebase-iid:19.0.0] AndroidManifest.xml:26:22-79
18    <uses-permission android:name="com.google.android.finsky.permission.BIND_GET_INSTALL_REFERRER_SERVICE" />
18-->[com.google.android.gms:play-services-measurement:17.2.1] AndroidManifest.xml:26:5-110
18-->[com.google.android.gms:play-services-measurement:17.2.1] AndroidManifest.xml:26:22-107
19
20    <application
20-->src\main\AndroidManifest.xml:8:5-35:19
21        android:name="androidx.multidex.MultiDexApplication"
22        android:allowBackup="true"
22-->src\main\AndroidManifest.xml:9:9-35
23        android:appComponentFactory="androidx.core.app.CoreComponentFactory"
23-->[androidx.core:core:1.1.0] AndroidManifest.xml:24:18-86
24        android:debuggable="true"
25        android:icon="@mipmap/ic_launcher"
25-->src\main\AndroidManifest.xml:10:9-43
26        android:label="@string/app_name"
26-->src\main\AndroidManifest.xml:11:9-41
27        android:roundIcon="@mipmap/ic_launcher_round"
27-->src\main\AndroidManifest.xml:12:9-54
28        android:supportsRtl="true"
28-->src\main\AndroidManifest.xml:13:9-35
29        android:testOnly="true"
30        android:theme="@style/AppTheme" >
30-->src\main\AndroidManifest.xml:14:9-40
31        <activity android:name="com.example.reecle.washingmachine" />
31-->src\main\AndroidManifest.xml:16:9-61
31-->src\main\AndroidManifest.xml:16:19-49
32        <activity android:name="com.example.reecle.ac" />
32-->src\main\AndroidManifest.xml:17:9-40
32-->src\main\AndroidManifest.xml:17:19-37
33        <activity android:name="com.example.reecle.refridgerator" />
33-->src\main\AndroidManifest.xml:18:9-51
33-->src\main\AndroidManifest.xml:18:19-48
34        <activity android:name="com.example.reecle.tv" />
34-->src\main\AndroidManifest.xml:19:9-40
34-->src\main\AndroidManifest.xml:19:19-37
35        <activity android:name="com.example.reecle.desktop" />
35-->src\main\AndroidManifest.xml:20:9-45
35-->src\main\AndroidManifest.xml:20:19-42
36        <activity android:name="com.example.reecle.tablet" />
36-->src\main\AndroidManifest.xml:21:9-44
36-->src\main\AndroidManifest.xml:21:19-41
37        <activity android:name="com.example.reecle.thankyou" />
37-->src\main\AndroidManifest.xml:22:9-46
37-->src\main\AndroidManifest.xml:22:19-43
38        <activity android:name="com.example.reecle.location" />
38-->src\main\AndroidManifest.xml:23:9-46
38-->src\main\AndroidManifest.xml:23:19-43
39        <activity android:name="com.example.reecle.laptop" />
39-->src\main\AndroidManifest.xml:24:9-44
39-->src\main\AndroidManifest.xml:24:19-41
40        <activity android:name="com.example.reecle.smartphone" />
40-->src\main\AndroidManifest.xml:25:9-48
40-->src\main\AndroidManifest.xml:25:19-45
41        <activity android:name="com.example.reecle.signup" />
41-->src\main\AndroidManifest.xml:26:9-44
41-->src\main\AndroidManifest.xml:26:19-41
42        <activity android:name="com.example.reecle.Main2Activity" />
42-->src\main\AndroidManifest.xml:27:9-51
42-->src\main\AndroidManifest.xml:27:19-48
43        <activity android:name="com.example.reecle.MainActivity" >
43-->src\main\AndroidManifest.xml:28:9-34:20
43-->src\main\AndroidManifest.xml:28:19-47
44            <intent-filter>
44-->src\main\AndroidManifest.xml:29:13-33:29
45                <action android:name="android.intent.action.MAIN" />
45-->src\main\AndroidManifest.xml:30:17-69
45-->src\main\AndroidManifest.xml:30:25-66
46
47                <category android:name="android.intent.category.LAUNCHER" />
47-->src\main\AndroidManifest.xml:32:17-77
47-->src\main\AndroidManifest.xml:32:27-74
48            </intent-filter>
49        </activity>
50
51        <service
51-->[com.google.firebase:firebase-firestore:21.2.1] AndroidManifest.xml:17:9-23:19
52            android:name="com.google.firebase.components.ComponentDiscoveryService"
52-->[com.google.firebase:firebase-firestore:21.2.1] AndroidManifest.xml:18:13-84
53            android:directBootAware="true"
53-->[com.google.firebase:firebase-common:19.2.0] AndroidManifest.xml:15:13-43
54            android:exported="false" >
54-->[com.google.firebase:firebase-firestore:21.2.1] AndroidManifest.xml:19:13-37
55            <meta-data
55-->[com.google.firebase:firebase-firestore:21.2.1] AndroidManifest.xml:20:13-22:85
56                android:name="com.google.firebase.components:com.google.firebase.firestore.FirestoreRegistrar"
56-->[com.google.firebase:firebase-firestore:21.2.1] AndroidManifest.xml:21:17-111
57                android:value="com.google.firebase.components.ComponentRegistrar" />
57-->[com.google.firebase:firebase-firestore:21.2.1] AndroidManifest.xml:22:17-82
58            <meta-data
58-->[com.google.firebase:firebase-database:19.2.0] AndroidManifest.xml:32:13-34:85
59                android:name="com.google.firebase.components:com.google.firebase.database.DatabaseRegistrar"
59-->[com.google.firebase:firebase-database:19.2.0] AndroidManifest.xml:33:17-109
60                android:value="com.google.firebase.components.ComponentRegistrar" />
60-->[com.google.firebase:firebase-database:19.2.0] AndroidManifest.xml:34:17-82
61            <meta-data
61-->[com.google.firebase:firebase-auth:19.1.0] AndroidManifest.xml:36:13-38:85
62                android:name="com.google.firebase.components:com.google.firebase.auth.FirebaseAuthRegistrar"
62-->[com.google.firebase:firebase-auth:19.1.0] AndroidManifest.xml:37:17-109
63                android:value="com.google.firebase.components.ComponentRegistrar" />
63-->[com.google.firebase:firebase-auth:19.1.0] AndroidManifest.xml:38:17-82
64            <meta-data
64-->[com.google.android.gms:play-services-measurement-api:17.2.1] AndroidManifest.xml:30:13-32:85
65                android:name="com.google.firebase.components:com.google.firebase.analytics.connector.internal.AnalyticsConnectorRegistrar"
65-->[com.google.android.gms:play-services-measurement-api:17.2.1] AndroidManifest.xml:31:17-139
66                android:value="com.google.firebase.components.ComponentRegistrar" />
66-->[com.google.android.gms:play-services-measurement-api:17.2.1] AndroidManifest.xml:32:17-82
67            <meta-data
67-->[com.google.firebase:firebase-iid:19.0.0] AndroidManifest.xml:32:13-34:85
68                android:name="com.google.firebase.components:com.google.firebase.iid.Registrar"
68-->[com.google.firebase:firebase-iid:19.0.0] AndroidManifest.xml:33:17-96
69                android:value="com.google.firebase.components.ComponentRegistrar" />
69-->[com.google.firebase:firebase-iid:19.0.0] AndroidManifest.xml:34:17-82
70        </service>
71
72        <activity
72-->[com.google.firebase:firebase-auth:19.1.0] AndroidManifest.xml:24:9-31:50
73            android:name="com.google.firebase.auth.internal.FederatedSignInActivity"
73-->[com.google.firebase:firebase-auth:19.1.0] AndroidManifest.xml:25:13-85
74            android:excludeFromRecents="true"
74-->[com.google.firebase:firebase-auth:19.1.0] AndroidManifest.xml:26:13-46
75            android:exported="true"
75-->[com.google.firebase:firebase-auth:19.1.0] AndroidManifest.xml:27:13-36
76            android:launchMode="singleTask"
76-->[com.google.firebase:firebase-auth:19.1.0] AndroidManifest.xml:28:13-44
77            android:permission="com.google.firebase.auth.api.gms.permission.LAUNCH_FEDERATED_SIGN_IN"
77-->[com.google.firebase:firebase-auth:19.1.0] AndroidManifest.xml:29:13-102
78            android:theme="@android:style/Theme.Translucent.NoTitleBar" />
78-->[com.google.firebase:firebase-auth:19.1.0] AndroidManifest.xml:30:13-72
79        <activity
79-->[com.google.android.gms:play-services-auth:17.0.0] AndroidManifest.xml:23:9-27:75
80            android:name="com.google.android.gms.auth.api.signin.internal.SignInHubActivity"
80-->[com.google.android.gms:play-services-auth:17.0.0] AndroidManifest.xml:24:13-93
81            android:excludeFromRecents="true"
81-->[com.google.android.gms:play-services-auth:17.0.0] AndroidManifest.xml:25:13-46
82            android:exported="false"
82-->[com.google.android.gms:play-services-auth:17.0.0] AndroidManifest.xml:26:13-37
83            android:theme="@android:style/Theme.Translucent.NoTitleBar" />
83-->[com.google.android.gms:play-services-auth:17.0.0] AndroidManifest.xml:27:13-72
84        <!--
85            Service handling Google Sign-In user revocation. For apps that do not integrate with
86            Google Sign-In, this service will never be started.
87        -->
88        <service
88-->[com.google.android.gms:play-services-auth:17.0.0] AndroidManifest.xml:33:9-36:110
89            android:name="com.google.android.gms.auth.api.signin.RevocationBoundService"
89-->[com.google.android.gms:play-services-auth:17.0.0] AndroidManifest.xml:34:13-89
90            android:exported="true"
90-->[com.google.android.gms:play-services-auth:17.0.0] AndroidManifest.xml:35:13-36
91            android:permission="com.google.android.gms.auth.api.signin.permission.REVOCATION_NOTIFICATION" />
91-->[com.google.android.gms:play-services-auth:17.0.0] AndroidManifest.xml:36:13-107
92
93        <receiver
93-->[com.google.firebase:firebase-iid:19.0.0] AndroidManifest.xml:37:9-44:20
94            android:name="com.google.firebase.iid.FirebaseInstanceIdReceiver"
94-->[com.google.firebase:firebase-iid:19.0.0] AndroidManifest.xml:38:13-78
95            android:exported="true"
95-->[com.google.firebase:firebase-iid:19.0.0] AndroidManifest.xml:39:13-36
96            android:permission="com.google.android.c2dm.permission.SEND" >
96-->[com.google.firebase:firebase-iid:19.0.0] AndroidManifest.xml:40:13-73
97            <intent-filter>
97-->[com.google.firebase:firebase-iid:19.0.0] AndroidManifest.xml:41:13-43:29
98                <action android:name="com.google.android.c2dm.intent.RECEIVE" />
98-->[com.google.firebase:firebase-iid:19.0.0] AndroidManifest.xml:42:17-81
98-->[com.google.firebase:firebase-iid:19.0.0] AndroidManifest.xml:42:25-78
99            </intent-filter>
100        </receiver>
101
102        <provider
102-->[com.google.firebase:firebase-common:19.2.0] AndroidManifest.xml:19:9-23:39
103            android:name="com.google.firebase.provider.FirebaseInitProvider"
103-->[com.google.firebase:firebase-common:19.2.0] AndroidManifest.xml:20:13-77
104            android:authorities="com.example.reecle.firebaseinitprovider"
104-->[com.google.firebase:firebase-common:19.2.0] AndroidManifest.xml:21:13-72
105            android:exported="false"
105-->[com.google.firebase:firebase-common:19.2.0] AndroidManifest.xml:22:13-37
106            android:initOrder="100" />
106-->[com.google.firebase:firebase-common:19.2.0] AndroidManifest.xml:23:13-36
107
108        <activity
108-->[com.google.android.gms:play-services-base:17.1.0] AndroidManifest.xml:23:9-26:75
109            android:name="com.google.android.gms.common.api.GoogleApiActivity"
109-->[com.google.android.gms:play-services-base:17.1.0] AndroidManifest.xml:24:13-79
110            android:exported="false"
110-->[com.google.android.gms:play-services-base:17.1.0] AndroidManifest.xml:25:13-37
111            android:theme="@android:style/Theme.Translucent.NoTitleBar" />
111-->[com.google.android.gms:play-services-base:17.1.0] AndroidManifest.xml:26:13-72
112
113        <receiver
113-->[com.google.android.gms:play-services-measurement:17.2.1] AndroidManifest.xml:29:9-33:20
114            android:name="com.google.android.gms.measurement.AppMeasurementReceiver"
114-->[com.google.android.gms:play-services-measurement:17.2.1] AndroidManifest.xml:30:13-85
115            android:enabled="true"
115-->[com.google.android.gms:play-services-measurement:17.2.1] AndroidManifest.xml:31:13-35
116            android:exported="false" >
116-->[com.google.android.gms:play-services-measurement:17.2.1] AndroidManifest.xml:32:13-37
117        </receiver>
118        <receiver
118-->[com.google.android.gms:play-services-measurement:17.2.1] AndroidManifest.xml:34:9-42:20
119            android:name="com.google.android.gms.measurement.AppMeasurementInstallReferrerReceiver"
119-->[com.google.android.gms:play-services-measurement:17.2.1] AndroidManifest.xml:35:13-100
120            android:enabled="true"
120-->[com.google.android.gms:play-services-measurement:17.2.1] AndroidManifest.xml:36:13-35
121            android:exported="true"
121-->[com.google.android.gms:play-services-measurement:17.2.1] AndroidManifest.xml:37:13-36
122            android:permission="android.permission.INSTALL_PACKAGES" >
122-->[com.google.android.gms:play-services-measurement:17.2.1] AndroidManifest.xml:38:13-69
123            <intent-filter>
123-->[com.google.android.gms:play-services-measurement:17.2.1] AndroidManifest.xml:39:13-41:29
124                <action android:name="com.android.vending.INSTALL_REFERRER" />
124-->[com.google.android.gms:play-services-measurement:17.2.1] AndroidManifest.xml:40:17-79
124-->[com.google.android.gms:play-services-measurement:17.2.1] AndroidManifest.xml:40:25-76
125            </intent-filter>
126        </receiver>
127
128        <service
128-->[com.google.android.gms:play-services-measurement:17.2.1] AndroidManifest.xml:44:9-47:40
129            android:name="com.google.android.gms.measurement.AppMeasurementService"
129-->[com.google.android.gms:play-services-measurement:17.2.1] AndroidManifest.xml:45:13-84
130            android:enabled="true"
130-->[com.google.android.gms:play-services-measurement:17.2.1] AndroidManifest.xml:46:13-35
131            android:exported="false" />
131-->[com.google.android.gms:play-services-measurement:17.2.1] AndroidManifest.xml:47:13-37
132        <service
132-->[com.google.android.gms:play-services-measurement:17.2.1] AndroidManifest.xml:48:9-52:72
133            android:name="com.google.android.gms.measurement.AppMeasurementJobService"
133-->[com.google.android.gms:play-services-measurement:17.2.1] AndroidManifest.xml:49:13-87
134            android:enabled="true"
134-->[com.google.android.gms:play-services-measurement:17.2.1] AndroidManifest.xml:50:13-35
135            android:exported="false"
135-->[com.google.android.gms:play-services-measurement:17.2.1] AndroidManifest.xml:51:13-37
136            android:permission="android.permission.BIND_JOB_SERVICE" />
136-->[com.google.android.gms:play-services-measurement:17.2.1] AndroidManifest.xml:52:13-69
137
138        <meta-data
138-->[com.google.android.gms:play-services-basement:17.0.0] AndroidManifest.xml:23:9-25:69
139            android:name="com.google.android.gms.version"
139-->[com.google.android.gms:play-services-basement:17.0.0] AndroidManifest.xml:24:13-58
140            android:value="@integer/google_play_services_version" />
140-->[com.google.android.gms:play-services-basement:17.0.0] AndroidManifest.xml:25:13-66
141    </application>
142
143</manifest>